# JRE version: Java(TM) SE Runtime Environment (8.0_161-b12) (build 1.8.0_161-b12)
# Java VM: Java HotSpot(TM) 64-Bit Server VM (25.161-b12 mixed mode windows-amd64 compressed oops)
Heap:
 PSYoungGen      total 284672K, used 89823K [0x00000000d5d00000, 0x00000000e8800000, 0x0000000100000000)
  eden space 265728K, 33% used [0x00000000d5d00000,0x00000000db4b7df8,0x00000000e6080000)
  from space 18944K, 0% used [0x00000000e6080000,0x00000000e6080000,0x00000000e7300000)
  to   space 13312K, 0% used [0x00000000e7300000,0x00000000e7300000,0x00000000e8000000)
 ParOldGen       total 122368K, used 33378K [0x0000000081600000, 0x0000000088d80000, 0x00000000d5d00000)
  object space 122368K, 27% used [0x0000000081600000,0x0000000083698920,0x0000000088d80000)
 Metaspace       used 58390K, capacity 61188K, committed 61480K, reserved 1101824K
  class space    used 7929K, capacity 8444K, committed 8488K, reserved 1048576K
GC Heap History (10 events):
Event: 9.785 GC heap before
{Heap before GC invocations=10 (full 2):
 PSYoungGen      total 215040K, used 9723K [0x00000000d5d00000, 0x00000000e5280000, 0x0000000100000000)
  eden space 205312K, 0% used [0x00000000d5d00000,0x00000000d5d00000,0x00000000e2580000)
  from space 9728K, 99% used [0x00000000e3100000,0x00000000e3a7ef28,0x00000000e3a80000)
  to   space 11776K, 0% used [0x00000000e2580000,0x00000000e2580000,0x00000000e3100000)
 ParOldGen       total 48640K, used 11267K [0x0000000081600000, 0x0000000084580000, 0x00000000d5d00000)
  object space 48640K, 23% used [0x0000000081600000,0x0000000082100f48,0x0000000084580000)
 Metaspace       used 33917K, capacity 35438K, committed 35496K, reserved 1079296K
  class space    used 4449K, capacity 4759K, committed 4776K, reserved 1048576K
Event: 9.883 GC heap after
Heap after GC invocations=10 (full 2):
 PSYoungGen      total 215040K, used 0K [0x00000000d5d00000, 0x00000000e5280000, 0x0000000100000000)
  eden space 205312K, 0% used [0x00000000d5d00000,0x00000000d5d00000,0x00000000e2580000)
  from space 9728K, 0% used [0x00000000e3100000,0x00000000e3100000,0x00000000e3a80000)
  to   space 11776K, 0% used [0x00000000e2580000,0x00000000e2580000,0x00000000e3100000)
 ParOldGen       total 79360K, used 17052K [0x0000000081600000, 0x0000000086380000, 0x00000000d5d00000)
  object space 79360K, 21% used [0x0000000081600000,0x00000000826a7110,0x0000000086380000)
 Metaspace       used 33917K, capacity 35438K, committed 35496K, reserved 1079296K
  class space    used 4449K, capacity 4759K, committed 4776K, reserved 1048576K
}
Event: 11.982 GC heap before
{Heap before GC invocations=11 (full 2):
 PSYoungGen      total 215040K, used 205312K [0x00000000d5d00000, 0x00000000e5280000, 0x0000000100000000)
  eden space 205312K, 100% used [0x00000000d5d00000,0x00000000e2580000,0x00000000e2580000)
  from space 9728K, 0% used [0x00000000e3100000,0x00000000e3100000,0x00000000e3a80000)
  to   space 11776K, 0% used [0x00000000e2580000,0x00000000e2580000,0x00000000e3100000)
 ParOldGen       total 79360K, used 17052K [0x0000000081600000, 0x0000000086380000, 0x00000000d5d00000)
  object space 79360K, 21% used [0x0000000081600000,0x00000000826a7110,0x0000000086380000)
 Metaspace       used 38632K, capacity 40494K, committed 40744K, reserved 1085440K
  class space    used 5048K, capacity 5391K, committed 5416K, reserved 1048576K
Event: 12.014 GC heap after
Heap after GC invocations=11 (full 2):
 PSYoungGen      total 217088K, used 11735K [0x00000000d5d00000, 0x00000000e8000000, 0x0000000100000000)
  eden space 205312K, 0% used [0x00000000d5d00000,0x00000000d5d00000,0x00000000e2580000)
  from space 11776K, 99% used [0x00000000e2580000,0x00000000e30f5d38,0x00000000e3100000)
  to   space 13312K, 0% used [0x00000000e7300000,0x00000000e7300000,0x00000000e8000000)
 ParOldGen       total 79360K, used 17060K [0x0000000081600000, 0x0000000086380000, 0x00000000d5d00000)
  object space 79360K, 21% used [0x0000000081600000,0x00000000826a9110,0x0000000086380000)
 Metaspace       used 38632K, capacity 40494K, committed 40744K, reserved 1085440K
  class space    used 5048K, capacity 5391K, committed 5416K, reserved 1048576K
}
Event: 15.486 GC heap before
{Heap before GC invocations=12 (full 2):
 PSYoungGen      total 217088K, used 217047K [0x00000000d5d00000, 0x00000000e8000000, 0x0000000100000000)
  eden space 205312K, 100% used [0x00000000d5d00000,0x00000000e2580000,0x00000000e2580000)
  from space 11776K, 99% used [0x00000000e2580000,0x00000000e30f5d38,0x00000000e3100000)
  to   space 13312K, 0% used [0x00000000e7300000,0x00000000e7300000,0x00000000e8000000)
 ParOldGen       total 79360K, used 17060K [0x0000000081600000, 0x0000000086380000, 0x00000000d5d00000)
  object space 79360K, 21% used [0x0000000081600000,0x00000000826a9110,0x0000000086380000)
 Metaspace       used 54281K, capacity 56688K, committed 57000K, reserved 1097728K
  class space    used 7303K, capacity 7746K, committed 7848K, reserved 1048576K
Event: 15.527 GC heap after
Heap after GC invocations=12 (full 2):
 PSYoungGen      total 279040K, used 13304K [0x00000000d5d00000, 0x00000000e8800000, 0x0000000100000000)
  eden space 265728K, 0% used [0x00000000d5d00000,0x00000000d5d00000,0x00000000e6080000)
  from space 13312K, 99% used [0x00000000e7300000,0x00000000e7ffe210,0x00000000e8000000)
  to   space 18944K, 0% used [0x00000000e6080000,0x00000000e6080000,0x00000000e7300000)
 ParOldGen       total 79360K, used 28189K [0x0000000081600000, 0x0000000086380000, 0x00000000d5d00000)
  object space 79360K, 35% used [0x0000000081600000,0x00000000831877b8,0x0000000086380000)
 Metaspace       used 54281K, capacity 56688K, committed 57000K, reserved 1097728K
  class space    used 7303K, capacity 7746K, committed 7848K, reserved 1048576K
}
Event: 17.008 GC heap before
{Heap before GC invocations=13 (full 2):
 PSYoungGen      total 279040K, used 133236K [0x00000000d5d00000, 0x00000000e8800000, 0x0000000100000000)
  eden space 265728K, 45% used [0x00000000d5d00000,0x00000000dd21f0d8,0x00000000e6080000)
  from space 13312K, 99% used [0x00000000e7300000,0x00000000e7ffe210,0x00000000e8000000)
  to   space 18944K, 0% used [0x00000000e6080000,0x00000000e6080000,0x00000000e7300000)
 ParOldGen       total 79360K, used 28189K [0x0000000081600000, 0x0000000086380000, 0x00000000d5d00000)
  object space 79360K, 35% used [0x0000000081600000,0x00000000831877b8,0x0000000086380000)
 Metaspace       used 56479K, capacity 59064K, committed 59160K, reserved 1099776K
  class space    used 7597K, capacity 8052K, committed 8104K, reserved 1048576K
Event: 17.050 GC heap after
Heap after GC invocations=13 (full 2):
 PSYoungGen      total 284672K, used 5730K [0x00000000d5d00000, 0x00000000e8800000, 0x0000000100000000)
  eden space 265728K, 0% used [0x00000000d5d00000,0x00000000d5d00000,0x00000000e6080000)
  from space 18944K, 30% used [0x00000000e6080000,0x00000000e6618aa8,0x00000000e7300000)
  to   space 13312K, 0% used [0x00000000e7300000,0x00000000e7300000,0x00000000e8000000)
 ParOldGen       total 79360K, used 40964K [0x0000000081600000, 0x0000000086380000, 0x00000000d5d00000)
  object space 79360K, 51% used [0x0000000081600000,0x0000000083e012b8,0x0000000086380000)
 Metaspace       used 56479K, capacity 59064K, committed 59160K, reserved 1099776K
  class space    used 7597K, capacity 8052K, committed 8104K, reserved 1048576K
}
Event: 17.051 GC heap before
{Heap before GC invocations=14 (full 3):
 PSYoungGen      total 284672K, used 5730K [0x00000000d5d00000, 0x00000000e8800000, 0x0000000100000000)
  eden space 265728K, 0% used [0x00000000d5d00000,0x00000000d5d00000,0x00000000e6080000)
  from space 18944K, 30% used [0x00000000e6080000,0x00000000e6618aa8,0x00000000e7300000)
  to   space 13312K, 0% used [0x00000000e7300000,0x00000000e7300000,0x00000000e8000000)
 ParOldGen       total 79360K, used 40964K [0x0000000081600000, 0x0000000086380000, 0x00000000d5d00000)
  object space 79360K, 51% used [0x0000000081600000,0x0000000083e012b8,0x0000000086380000)
 Metaspace       used 56479K, capacity 59064K, committed 59160K, reserved 1099776K
  class space    used 7597K, capacity 8052K, committed 8104K, reserved 1048576K
Event: 17.313 GC heap after
Heap after GC invocations=14 (full 3):
 PSYoungGen      total 284672K, used 0K [0x00000000d5d00000, 0x00000000e8800000, 0x0000000100000000)
  eden space 265728K, 0% used [0x00000000d5d00000,0x00000000d5d00000,0x00000000e6080000)
  from space 18944K, 0% used [0x00000000e6080000,0x00000000e6080000,0x00000000e7300000)
  to   space 13312K, 0% used [0x00000000e7300000,0x00000000e7300000,0x00000000e8000000)
 ParOldGen       total 122368K, used 33378K [0x0000000081600000, 0x0000000088d80000, 0x00000000d5d00000)
  object space 122368K, 27% used [0x0000000081600000,0x0000000083698920,0x0000000088d80000)
 Metaspace       used 56479K, capacity 59064K, committed 59160K, reserved 1099776K
  class space    used 7597K, capacity 8052K, committed 8104K, reserved 1048576K
}

