# JRE version: Java(TM) SE Runtime Environment (8.0_161-b12) (build 1.8.0_161-b12)
# Java VM: Java HotSpot(TM) 64-Bit Server VM (25.161-b12 mixed mode windows-amd64 compressed oops)
Heap:
 PSYoungGen      total 206336K, used 62135K [0x00000000d5d00000, 0x00000000e6e00000, 0x0000000100000000)
  eden space 194048K, 26% used [0x00000000d5d00000,0x00000000d8fa1740,0x00000000e1a80000)
  from space 12288K, 83% used [0x00000000e1a80000,0x00000000e248c568,0x00000000e2680000)
  to   space 12800K, 0% used [0x00000000e6180000,0x00000000e6180000,0x00000000e6e00000)
 ParOldGen       total 80384K, used 17761K [0x0000000081600000, 0x0000000086480000, 0x00000000d5d00000)
  object space 80384K, 22% used [0x0000000081600000,0x0000000082758718,0x0000000086480000)
 Metaspace       used 42206K, capacity 44144K, committed 44328K, reserved 1087488K
  class space    used 5487K, capacity 5834K, committed 5928K, reserved 1048576K
GC Heap History (10 events):
Event: 6.170 GC heap before
{Heap before GC invocations=7 (full 1):
 PSYoungGen      total 71680K, used 66560K [0x00000000d5d00000, 0x00000000ded00000, 0x0000000100000000)
  eden space 66560K, 100% used [0x00000000d5d00000,0x00000000d9e00000,0x00000000d9e00000)
  from space 5120K, 0% used [0x00000000d9e00000,0x00000000d9e00000,0x00000000da300000)
  to   space 7168K, 0% used [0x00000000de600000,0x00000000de600000,0x00000000ded00000)
 ParOldGen       total 49152K, used 5751K [0x0000000081600000, 0x0000000084600000, 0x00000000d5d00000)
  object space 49152K, 11% used [0x0000000081600000,0x0000000081b9ded8,0x0000000084600000)
 Metaspace       used 25989K, capacity 26712K, committed 26880K, reserved 1073152K
  class space    used 3334K, capacity 3526K, committed 3584K, reserved 1048576K
Event: 6.183 GC heap after
Heap after GC invocations=7 (full 1):
 PSYoungGen      total 122880K, used 6951K [0x00000000d5d00000, 0x00000000ded00000, 0x0000000100000000)
  eden space 115712K, 0% used [0x00000000d5d00000,0x00000000d5d00000,0x00000000dce00000)
  from space 7168K, 96% used [0x00000000de600000,0x00000000decc9f50,0x00000000ded00000)
  to   space 7680K, 0% used [0x00000000dde00000,0x00000000dde00000,0x00000000de580000)
 ParOldGen       total 49152K, used 5759K [0x0000000081600000, 0x0000000084600000, 0x00000000d5d00000)
  object space 49152K, 11% used [0x0000000081600000,0x0000000081b9fed8,0x0000000084600000)
 Metaspace       used 25989K, capacity 26712K, committed 26880K, reserved 1073152K
  class space    used 3334K, capacity 3526K, committed 3584K, reserved 1048576K
}
Event: 7.277 GC heap before
{Heap before GC invocations=8 (full 1):
 PSYoungGen      total 122880K, used 122663K [0x00000000d5d00000, 0x00000000ded00000, 0x0000000100000000)
  eden space 115712K, 100% used [0x00000000d5d00000,0x00000000dce00000,0x00000000dce00000)
  from space 7168K, 96% used [0x00000000de600000,0x00000000decc9f50,0x00000000ded00000)
  to   space 7680K, 0% used [0x00000000dde00000,0x00000000dde00000,0x00000000de580000)
 ParOldGen       total 49152K, used 5759K [0x0000000081600000, 0x0000000084600000, 0x00000000d5d00000)
  object space 49152K, 11% used [0x0000000081600000,0x0000000081b9fed8,0x0000000084600000)
 Metaspace       used 29904K, capacity 30948K, committed 31104K, reserved 1077248K
  class space    used 3919K, capacity 4172K, committed 4224K, reserved 1048576K
Event: 7.290 GC heap after
Heap after GC invocations=8 (full 1):
 PSYoungGen      total 139776K, used 7674K [0x00000000d5d00000, 0x00000000e3000000, 0x0000000100000000)
  eden space 132096K, 0% used [0x00000000d5d00000,0x00000000d5d00000,0x00000000dde00000)
  from space 7680K, 99% used [0x00000000dde00000,0x00000000de57e8a8,0x00000000de580000)
  to   space 9728K, 0% used [0x00000000e2680000,0x00000000e2680000,0x00000000e3000000)
 ParOldGen       total 49152K, used 8099K [0x0000000081600000, 0x0000000084600000, 0x00000000d5d00000)
  object space 49152K, 16% used [0x0000000081600000,0x0000000081de8ef0,0x0000000084600000)
 Metaspace       used 29904K, capacity 30948K, committed 31104K, reserved 1077248K
  class space    used 3919K, capacity 4172K, committed 4224K, reserved 1048576K
}
Event: 8.734 GC heap before
{Heap before GC invocations=9 (full 1):
 PSYoungGen      total 139776K, used 118269K [0x00000000d5d00000, 0x00000000e3000000, 0x0000000100000000)
  eden space 132096K, 83% used [0x00000000d5d00000,0x00000000dc900e50,0x00000000dde00000)
  from space 7680K, 99% used [0x00000000dde00000,0x00000000de57e8a8,0x00000000de580000)
  to   space 9728K, 0% used [0x00000000e2680000,0x00000000e2680000,0x00000000e3000000)
 ParOldGen       total 49152K, used 8099K [0x0000000081600000, 0x0000000084600000, 0x00000000d5d00000)
  object space 49152K, 16% used [0x0000000081600000,0x0000000081de8ef0,0x0000000084600000)
 Metaspace       used 33975K, capacity 35476K, committed 35496K, reserved 1079296K
  class space    used 4457K, capacity 4758K, committed 4776K, reserved 1048576K
Event: 8.749 GC heap after
Heap after GC invocations=9 (full 1):
 PSYoungGen      total 203776K, used 9696K [0x00000000d5d00000, 0x00000000e4b80000, 0x0000000100000000)
  eden space 194048K, 0% used [0x00000000d5d00000,0x00000000d5d00000,0x00000000e1a80000)
  from space 9728K, 99% used [0x00000000e2680000,0x00000000e2ff8338,0x00000000e3000000)
  to   space 12288K, 0% used [0x00000000e1a80000,0x00000000e1a80000,0x00000000e2680000)
 ParOldGen       total 49152K, used 11848K [0x0000000081600000, 0x0000000084600000, 0x00000000d5d00000)
  object space 49152K, 24% used [0x0000000081600000,0x00000000821920b0,0x0000000084600000)
 Metaspace       used 33975K, capacity 35476K, committed 35496K, reserved 1079296K
  class space    used 4457K, capacity 4758K, committed 4776K, reserved 1048576K
}
Event: 8.749 GC heap before
{Heap before GC invocations=10 (full 2):
 PSYoungGen      total 203776K, used 9696K [0x00000000d5d00000, 0x00000000e4b80000, 0x0000000100000000)
  eden space 194048K, 0% used [0x00000000d5d00000,0x00000000d5d00000,0x00000000e1a80000)
  from space 9728K, 99% used [0x00000000e2680000,0x00000000e2ff8338,0x00000000e3000000)
  to   space 12288K, 0% used [0x00000000e1a80000,0x00000000e1a80000,0x00000000e2680000)
 ParOldGen       total 49152K, used 11848K [0x0000000081600000, 0x0000000084600000, 0x00000000d5d00000)
  object space 49152K, 24% used [0x0000000081600000,0x00000000821920b0,0x0000000084600000)
 Metaspace       used 33975K, capacity 35476K, committed 35496K, reserved 1079296K
  class space    used 4457K, capacity 4758K, committed 4776K, reserved 1048576K
Event: 8.839 GC heap after
Heap after GC invocations=10 (full 2):
 PSYoungGen      total 203776K, used 0K [0x00000000d5d00000, 0x00000000e4b80000, 0x0000000100000000)
  eden space 194048K, 0% used [0x00000000d5d00000,0x00000000d5d00000,0x00000000e1a80000)
  from space 9728K, 0% used [0x00000000e2680000,0x00000000e2680000,0x00000000e3000000)
  to   space 12288K, 0% used [0x00000000e1a80000,0x00000000e1a80000,0x00000000e2680000)
 ParOldGen       total 80384K, used 17753K [0x0000000081600000, 0x0000000086480000, 0x00000000d5d00000)
  object space 80384K, 22% used [0x0000000081600000,0x0000000082756718,0x0000000086480000)
 Metaspace       used 33975K, capacity 35476K, committed 35496K, reserved 1079296K
  class space    used 4457K, capacity 4758K, committed 4776K, reserved 1048576K
}
Event: 14.198 GC heap before
{Heap before GC invocations=11 (full 2):
 PSYoungGen      total 203776K, used 194048K [0x00000000d5d00000, 0x00000000e4b80000, 0x0000000100000000)
  eden space 194048K, 100% used [0x00000000d5d00000,0x00000000e1a80000,0x00000000e1a80000)
  from space 9728K, 0% used [0x00000000e2680000,0x00000000e2680000,0x00000000e3000000)
  to   space 12288K, 0% used [0x00000000e1a80000,0x00000000e1a80000,0x00000000e2680000)
 ParOldGen       total 80384K, used 17753K [0x0000000081600000, 0x0000000086480000, 0x00000000d5d00000)
  object space 80384K, 22% used [0x0000000081600000,0x0000000082756718,0x0000000086480000)
 Metaspace       used 38316K, capacity 40168K, committed 40232K, reserved 1083392K
  class space    used 5010K, capacity 5354K, committed 5416K, reserved 1048576K
Event: 14.226 GC heap after
Heap after GC invocations=11 (full 2):
 PSYoungGen      total 206336K, used 10289K [0x00000000d5d00000, 0x00000000e6e00000, 0x0000000100000000)
  eden space 194048K, 0% used [0x00000000d5d00000,0x00000000d5d00000,0x00000000e1a80000)
  from space 12288K, 83% used [0x00000000e1a80000,0x00000000e248c568,0x00000000e2680000)
  to   space 12800K, 0% used [0x00000000e6180000,0x00000000e6180000,0x00000000e6e00000)
 ParOldGen       total 80384K, used 17761K [0x0000000081600000, 0x0000000086480000, 0x00000000d5d00000)
  object space 80384K, 22% used [0x0000000081600000,0x0000000082758718,0x0000000086480000)
 Metaspace       used 38316K, capacity 40168K, committed 40232K, reserved 1083392K
  class space    used 5010K, capacity 5354K, committed 5416K, reserved 1048576K
}

